2020-05-01 19:59:50,691 - root - INFO - Use Cuda.
2020-05-01 19:59:50,691 - root - INFO - Namespace(base_net_lr=None, batch_size=120, cache_path='cache/', checkpoint_folder='models/', datasets='../../ILSVRC', debug_steps=100, feature='resnet18', gamma=0.1, lr=0.003, milestones='80,100', momentum=0.9, num_epochs=5, num_workers=4, pretrained=None, resume=None, scheduler='multi-step', ssd_lr=None, t_max=120, use_cuda=True, validation_epochs=2, weight_decay=0.0005, width_mult=1.0)
2020-05-01 19:59:50,693 - root - INFO - Prepare training datasets.
2020-05-01 19:59:50,981 - root - INFO - using default Imagenet VID classes.
2020-05-01 20:00:09,479 - root - INFO - gt roidb loaded from cache/train_VID_gt_db.pkl
2020-05-01 20:00:09,479 - root - INFO - Stored labels into file models/vid-model-labels.txt.
2020-05-01 20:00:09,480 - root - INFO - Train dataset size: 1086132
2020-05-01 20:00:09,480 - root - INFO - Prepare Validation datasets.
2020-05-01 20:00:09,702 - root - INFO - using default Imagenet VID classes.
2020-05-01 20:00:29,140 - root - INFO - gt roidb loaded from cache/train_VID_gt_db.pkl
2020-05-01 20:00:29,140 - root - INFO - <datasets.vid_dataset_new.ImagenetDataset object at 0x7f4a2e625080>
2020-05-01 20:00:29,140 - root - INFO - validation dataset size: 1086132
2020-05-01 20:00:29,140 - root - INFO - Build network.
2020-05-01 20:00:29,598 - root - INFO - Initializing weights of SSD
2020-05-01 20:00:32,569 - root - INFO - Learning rate: 0.003, Base net learning rate: 0.003, Extra Layers learning rate: 0.003.
2020-05-01 20:00:32,569 - root - INFO - Start training from epoch 0.
2020-05-01 20:03:23,221 - root - INFO - Epoch: 0, Step: 100, Average Loss: 150.2945, Average Regression Loss 10.7900, Average Classification Loss: 139.5045
2020-05-01 20:06:00,913 - root - INFO - Epoch: 0, Step: 200, Average Loss: 105.5508, Average Regression Loss 5.8211, Average Classification Loss: 99.7297
2020-05-01 20:08:37,237 - root - INFO - Epoch: 0, Step: 300, Average Loss: 92.3540, Average Regression Loss 5.0759, Average Classification Loss: 87.2781
2020-05-01 20:11:19,013 - root - INFO - Epoch: 0, Step: 400, Average Loss: 83.4700, Average Regression Loss 5.1201, Average Classification Loss: 78.3499
2020-05-01 20:13:50,550 - root - INFO - Epoch: 0, Step: 500, Average Loss: 74.3774, Average Regression Loss 5.3245, Average Classification Loss: 69.0529
2020-05-01 20:16:28,663 - root - INFO - Epoch: 0, Step: 600, Average Loss: 68.7856, Average Regression Loss 4.9618, Average Classification Loss: 63.8238
2020-05-01 20:19:09,163 - root - INFO - Epoch: 0, Step: 700, Average Loss: 76.4513, Average Regression Loss 5.1884, Average Classification Loss: 71.2629
2020-05-01 20:21:47,957 - root - INFO - Epoch: 0, Step: 800, Average Loss: 75.2001, Average Regression Loss 5.3278, Average Classification Loss: 69.8722
2020-05-01 20:24:22,931 - root - INFO - Epoch: 0, Step: 900, Average Loss: 68.8023, Average Regression Loss 5.5378, Average Classification Loss: 63.2645
2020-05-01 20:26:59,423 - root - INFO - Epoch: 0, Step: 1000, Average Loss: 75.1276, Average Regression Loss 5.4291, Average Classification Loss: 69.6985
2020-05-01 20:29:37,918 - root - INFO - Epoch: 0, Step: 1100, Average Loss: 90.4110, Average Regression Loss 5.1422, Average Classification Loss: 85.2688
2020-05-01 20:32:16,506 - root - INFO - Epoch: 0, Step: 1200, Average Loss: 106.8154, Average Regression Loss 6.3389, Average Classification Loss: 100.4765
2020-05-01 20:34:57,185 - root - INFO - Epoch: 0, Step: 1300, Average Loss: 86.3272, Average Regression Loss 6.4785, Average Classification Loss: 79.8487
2020-05-01 20:37:37,240 - root - INFO - Epoch: 0, Step: 1400, Average Loss: 82.5554, Average Regression Loss 5.4076, Average Classification Loss: 77.1479
2020-05-01 20:40:13,034 - root - INFO - Epoch: 0, Step: 1500, Average Loss: 85.6183, Average Regression Loss 5.0030, Average Classification Loss: 80.6153
2020-05-01 20:42:51,372 - root - INFO - Epoch: 0, Step: 1600, Average Loss: 98.7993, Average Regression Loss 4.9774, Average Classification Loss: 93.8219
2020-05-01 20:45:26,888 - root - INFO - Epoch: 0, Step: 1700, Average Loss: 107.4280, Average Regression Loss 4.8579, Average Classification Loss: 102.5701
2020-05-01 20:47:58,640 - root - INFO - Epoch: 0, Step: 1800, Average Loss: 120.1082, Average Regression Loss 5.2055, Average Classification Loss: 114.9027
2020-05-01 20:50:32,964 - root - INFO - Epoch: 0, Step: 1900, Average Loss: 135.6882, Average Regression Loss 5.6743, Average Classification Loss: 130.0139
2020-05-01 20:53:11,309 - root - INFO - Epoch: 0, Step: 2000, Average Loss: 134.0982, Average Regression Loss 5.1938, Average Classification Loss: 128.9044
2020-05-01 20:55:42,493 - root - INFO - Epoch: 0, Step: 2100, Average Loss: 139.7824, Average Regression Loss 5.1216, Average Classification Loss: 134.6609
2020-05-01 20:58:18,715 - root - INFO - Epoch: 0, Step: 2200, Average Loss: 129.6262, Average Regression Loss 5.2572, Average Classification Loss: 124.3690
2020-05-01 21:00:55,623 - root - INFO - Epoch: 0, Step: 2300, Average Loss: 126.9432, Average Regression Loss 5.3781, Average Classification Loss: 121.5651
2020-05-01 21:03:30,694 - root - INFO - Epoch: 0, Step: 2400, Average Loss: 137.2276, Average Regression Loss 7.2279, Average Classification Loss: 129.9997
2020-05-01 21:06:11,440 - root - INFO - Epoch: 0, Step: 2500, Average Loss: 139.3932, Average Regression Loss 7.9369, Average Classification Loss: 131.4563
2020-05-01 21:08:44,062 - root - INFO - Epoch: 0, Step: 2600, Average Loss: 149.6803, Average Regression Loss 7.1766, Average Classification Loss: 142.5037
2020-05-01 21:11:19,292 - root - INFO - Epoch: 0, Step: 2700, Average Loss: 165.1250, Average Regression Loss 8.5626, Average Classification Loss: 156.5623
2020-05-01 21:13:54,536 - root - INFO - Epoch: 0, Step: 2800, Average Loss: 169.5137, Average Regression Loss 8.0270, Average Classification Loss: 161.4867
2020-05-01 21:16:32,186 - root - INFO - Epoch: 0, Step: 2900, Average Loss: 154.5574, Average Regression Loss 7.3234, Average Classification Loss: 147.2340
2020-05-01 21:19:07,343 - root - INFO - Epoch: 0, Step: 3000, Average Loss: 150.1449, Average Regression Loss 5.8996, Average Classification Loss: 144.2452
2020-05-01 21:21:41,842 - root - INFO - Epoch: 0, Step: 3100, Average Loss: 153.3288, Average Regression Loss 5.7174, Average Classification Loss: 147.6113
2020-05-01 21:24:18,233 - root - INFO - Epoch: 0, Step: 3200, Average Loss: 157.9218, Average Regression Loss 5.6768, Average Classification Loss: 152.2450
2020-05-01 21:26:59,798 - root - INFO - Epoch: 0, Step: 3300, Average Loss: 153.0521, Average Regression Loss 5.9634, Average Classification Loss: 147.0887
2020-05-01 21:29:34,835 - root - INFO - Epoch: 0, Step: 3400, Average Loss: 156.6864, Average Regression Loss 5.6211, Average Classification Loss: 151.0653
2020-05-01 21:32:12,159 - root - INFO - Epoch: 0, Step: 3500, Average Loss: 152.2929, Average Regression Loss 7.0765, Average Classification Loss: 145.2164
2020-05-01 21:34:46,335 - root - INFO - Epoch: 0, Step: 3600, Average Loss: 153.3328, Average Regression Loss 5.7888, Average Classification Loss: 147.5440
2020-05-01 21:37:24,889 - root - INFO - Epoch: 0, Step: 3700, Average Loss: 149.1956, Average Regression Loss 5.2112, Average Classification Loss: 143.9843
2020-05-01 21:40:03,243 - root - INFO - Epoch: 0, Step: 3800, Average Loss: 178.1580, Average Regression Loss 5.3891, Average Classification Loss: 172.7689
2020-05-01 21:42:43,037 - root - INFO - Epoch: 0, Step: 3900, Average Loss: 167.5924, Average Regression Loss 6.6062, Average Classification Loss: 160.9863
2020-05-01 21:45:22,434 - root - INFO - Epoch: 0, Step: 4000, Average Loss: 152.5747, Average Regression Loss 6.0844, Average Classification Loss: 146.4903
2020-05-01 21:47:57,620 - root - INFO - Epoch: 0, Step: 4100, Average Loss: 159.3988, Average Regression Loss 6.3576, Average Classification Loss: 153.0413
2020-05-01 21:50:38,786 - root - INFO - Epoch: 0, Step: 4200, Average Loss: 174.4750, Average Regression Loss 6.3489, Average Classification Loss: 168.1261
2020-05-01 21:53:19,845 - root - INFO - Epoch: 0, Step: 4300, Average Loss: 190.3703, Average Regression Loss 5.7957, Average Classification Loss: 184.5746
2020-05-01 21:56:02,188 - root - INFO - Epoch: 0, Step: 4400, Average Loss: 174.8959, Average Regression Loss 5.9390, Average Classification Loss: 168.9570
2020-05-01 21:58:38,769 - root - INFO - Epoch: 0, Step: 4500, Average Loss: 170.1150, Average Regression Loss 5.1254, Average Classification Loss: 164.9896
2020-05-01 22:01:19,770 - root - INFO - Epoch: 0, Step: 4600, Average Loss: 161.0820, Average Regression Loss 4.9301, Average Classification Loss: 156.1519
2020-05-01 22:03:45,144 - root - INFO - Epoch: 0, Step: 4700, Average Loss: 158.0436, Average Regression Loss 5.6206, Average Classification Loss: 152.4230
2020-05-01 22:06:27,837 - root - INFO - Epoch: 0, Step: 4800, Average Loss: 162.3428, Average Regression Loss 6.2639, Average Classification Loss: 156.0790
2020-05-01 22:09:00,788 - root - INFO - Epoch: 0, Step: 4900, Average Loss: 179.7061, Average Regression Loss 6.6583, Average Classification Loss: 173.0478
2020-05-01 22:11:40,507 - root - INFO - Epoch: 0, Step: 5000, Average Loss: 206.8106, Average Regression Loss 5.5919, Average Classification Loss: 201.2187
2020-05-01 22:14:16,349 - root - INFO - Epoch: 0, Step: 5100, Average Loss: 218.2162, Average Regression Loss 5.5440, Average Classification Loss: 212.6722
2020-05-01 22:16:55,973 - root - INFO - Epoch: 0, Step: 5200, Average Loss: 188.5502, Average Regression Loss 5.4901, Average Classification Loss: 183.0601
2020-05-01 22:19:38,754 - root - INFO - Epoch: 0, Step: 5300, Average Loss: 187.7429, Average Regression Loss 5.5409, Average Classification Loss: 182.2019
2020-05-01 22:22:12,910 - root - INFO - Epoch: 0, Step: 5400, Average Loss: 199.7410, Average Regression Loss 5.1924, Average Classification Loss: 194.5486
2020-05-01 22:24:26,001 - root - INFO - Epoch: 0, Step: 5500, Average Loss: 207.7184, Average Regression Loss 5.5963, Average Classification Loss: 202.1220
2020-05-01 22:26:39,672 - root - INFO - Epoch: 0, Step: 5600, Average Loss: 206.0863, Average Regression Loss 5.8702, Average Classification Loss: 200.2161
2020-05-01 22:28:50,832 - root - INFO - Epoch: 0, Step: 5700, Average Loss: 193.8015, Average Regression Loss 5.3366, Average Classification Loss: 188.4649
2020-05-01 22:30:59,335 - root - INFO - Epoch: 0, Step: 5800, Average Loss: 210.4637, Average Regression Loss 6.7155, Average Classification Loss: 203.7482
2020-05-01 22:33:04,043 - root - INFO - Epoch: 0, Step: 5900, Average Loss: 185.3956, Average Regression Loss 7.7392, Average Classification Loss: 177.6564
2020-05-01 22:35:15,103 - root - INFO - Epoch: 0, Step: 6000, Average Loss: 187.4727, Average Regression Loss 5.9076, Average Classification Loss: 181.5651
2020-05-01 22:37:32,312 - root - INFO - Epoch: 0, Step: 6100, Average Loss: 199.5891, Average Regression Loss 5.7780, Average Classification Loss: 193.8110
2020-05-01 22:39:40,084 - root - INFO - Epoch: 0, Step: 6200, Average Loss: 215.1382, Average Regression Loss 6.1237, Average Classification Loss: 209.0145
2020-05-01 22:41:48,075 - root - INFO - Epoch: 0, Step: 6300, Average Loss: 212.5236, Average Regression Loss 5.6275, Average Classification Loss: 206.8961
2020-05-01 22:43:59,468 - root - INFO - Epoch: 0, Step: 6400, Average Loss: 206.2232, Average Regression Loss 6.3274, Average Classification Loss: 199.8958
2020-05-01 22:46:07,610 - root - INFO - Epoch: 0, Step: 6500, Average Loss: 170.5135, Average Regression Loss 5.7081, Average Classification Loss: 164.8054
2020-05-01 22:48:18,269 - root - INFO - Epoch: 0, Step: 6600, Average Loss: 198.8922, Average Regression Loss 5.6026, Average Classification Loss: 193.2896
2020-05-01 22:50:27,419 - root - INFO - Epoch: 0, Step: 6700, Average Loss: 200.0821, Average Regression Loss 5.9246, Average Classification Loss: 194.1575
2020-05-01 22:52:38,951 - root - INFO - Epoch: 0, Step: 6800, Average Loss: 170.8202, Average Regression Loss 5.3177, Average Classification Loss: 165.5024
2020-05-01 22:54:43,081 - root - INFO - Epoch: 0, Step: 6900, Average Loss: 159.8892, Average Regression Loss 5.5550, Average Classification Loss: 154.3343
2020-05-01 22:56:49,332 - root - INFO - Epoch: 0, Step: 7000, Average Loss: 183.8765, Average Regression Loss 5.9877, Average Classification Loss: 177.8888
2020-05-01 22:58:54,160 - root - INFO - Epoch: 0, Step: 7100, Average Loss: 209.3728, Average Regression Loss 5.7401, Average Classification Loss: 203.6326
2020-05-01 23:01:01,695 - root - INFO - Epoch: 0, Step: 7200, Average Loss: 217.2308, Average Regression Loss 5.6674, Average Classification Loss: 211.5634
2020-05-01 23:03:07,286 - root - INFO - Epoch: 0, Step: 7300, Average Loss: 209.8118, Average Regression Loss 6.9436, Average Classification Loss: 202.8682
2020-05-01 23:05:11,664 - root - INFO - Epoch: 0, Step: 7400, Average Loss: 192.1359, Average Regression Loss 7.1199, Average Classification Loss: 185.0160
2020-05-01 23:07:18,319 - root - INFO - Epoch: 0, Step: 7500, Average Loss: 181.6452, Average Regression Loss 7.3941, Average Classification Loss: 174.2511
2020-05-01 23:09:24,952 - root - INFO - Epoch: 0, Step: 7600, Average Loss: 167.0638, Average Regression Loss 5.0305, Average Classification Loss: 162.0333
2020-05-01 23:11:29,771 - root - INFO - Epoch: 0, Step: 7700, Average Loss: 178.2093, Average Regression Loss 5.8888, Average Classification Loss: 172.3205
2020-05-01 23:13:38,117 - root - INFO - Epoch: 0, Step: 7800, Average Loss: 183.1271, Average Regression Loss 7.1609, Average Classification Loss: 175.9662
2020-05-01 23:15:46,848 - root - INFO - Epoch: 0, Step: 7900, Average Loss: 179.2204, Average Regression Loss 5.1328, Average Classification Loss: 174.0876
2020-05-01 23:17:51,417 - root - INFO - Epoch: 0, Step: 8000, Average Loss: 163.1240, Average Regression Loss 5.1194, Average Classification Loss: 158.0046
2020-05-01 23:20:00,773 - root - INFO - Epoch: 0, Step: 8100, Average Loss: 173.9468, Average Regression Loss 5.3916, Average Classification Loss: 168.5552
2020-05-01 23:22:08,382 - root - INFO - Epoch: 0, Step: 8200, Average Loss: 194.9684, Average Regression Loss 4.9714, Average Classification Loss: 189.9970
2020-05-01 23:24:16,827 - root - INFO - Epoch: 0, Step: 8300, Average Loss: 207.6721, Average Regression Loss 5.3316, Average Classification Loss: 202.3405
2020-05-01 23:26:24,995 - root - INFO - Epoch: 0, Step: 8400, Average Loss: 222.5295, Average Regression Loss 4.9418, Average Classification Loss: 217.5877
2020-05-01 23:28:34,451 - root - INFO - Epoch: 0, Step: 8500, Average Loss: 212.4376, Average Regression Loss 5.5953, Average Classification Loss: 206.8423
2020-05-01 23:30:42,260 - root - INFO - Epoch: 0, Step: 8600, Average Loss: 213.0467, Average Regression Loss 4.7482, Average Classification Loss: 208.2985
2020-05-01 23:32:50,627 - root - INFO - Epoch: 0, Step: 8700, Average Loss: 217.6623, Average Regression Loss 4.7959, Average Classification Loss: 212.8664
2020-05-01 23:35:03,324 - root - INFO - Epoch: 0, Step: 8800, Average Loss: 228.4334, Average Regression Loss 5.0238, Average Classification Loss: 223.4096
2020-05-01 23:37:11,236 - root - INFO - Epoch: 0, Step: 8900, Average Loss: 229.6989, Average Regression Loss 4.6309, Average Classification Loss: 225.0680
2020-05-01 23:39:17,975 - root - INFO - Epoch: 0, Step: 9000, Average Loss: 253.2555, Average Regression Loss 5.6384, Average Classification Loss: 247.6171
/home/stars/anaconda3/envs/vlrproj/lib/python3.6/site-packages/torch/nn/_reduction.py:43: UserWarning: size_average and reduce args will be deprecated, please use reduction='sum' instead.
  warnings.warn(warning.format(ret))
2020-05-01 23:42:42,656 - root - INFO - Epoch: 1, Step: 100, Average Loss: 247.2842, Average Regression Loss 5.9255, Average Classification Loss: 241.3587
2020-05-01 23:44:47,050 - root - INFO - Epoch: 1, Step: 200, Average Loss: 265.6567, Average Regression Loss 5.8935, Average Classification Loss: 259.7632
2020-05-01 23:46:51,646 - root - INFO - Epoch: 1, Step: 300, Average Loss: 278.8172, Average Regression Loss 6.1548, Average Classification Loss: 272.6623
2020-05-01 23:49:01,473 - root - INFO - Epoch: 1, Step: 400, Average Loss: 282.2235, Average Regression Loss 5.3704, Average Classification Loss: 276.8531
2020-05-01 23:51:11,034 - root - INFO - Epoch: 1, Step: 500, Average Loss: 292.3404, Average Regression Loss 5.6859, Average Classification Loss: 286.6545
2020-05-01 23:53:20,109 - root - INFO - Epoch: 1, Step: 600, Average Loss: 290.3575, Average Regression Loss 6.3184, Average Classification Loss: 284.0391
2020-05-01 23:55:31,267 - root - INFO - Epoch: 1, Step: 700, Average Loss: 298.8758, Average Regression Loss 5.3655, Average Classification Loss: 293.5103
2020-05-01 23:57:42,758 - root - INFO - Epoch: 1, Step: 800, Average Loss: 298.7313, Average Regression Loss 7.1230, Average Classification Loss: 291.6083
2020-05-01 23:59:47,284 - root - INFO - Epoch: 1, Step: 900, Average Loss: 318.9343, Average Regression Loss 7.5254, Average Classification Loss: 311.4089
2020-05-02 00:01:54,238 - root - INFO - Epoch: 1, Step: 1000, Average Loss: 322.0775, Average Regression Loss 7.0280, Average Classification Loss: 315.0495
2020-05-02 00:04:02,459 - root - INFO - Epoch: 1, Step: 1100, Average Loss: 316.2837, Average Regression Loss 8.2972, Average Classification Loss: 307.9865
2020-05-02 00:06:08,485 - root - INFO - Epoch: 1, Step: 1200, Average Loss: 317.8658, Average Regression Loss 7.2557, Average Classification Loss: 310.6101
2020-05-02 00:08:16,466 - root - INFO - Epoch: 1, Step: 1300, Average Loss: 328.1251, Average Regression Loss 6.8635, Average Classification Loss: 321.2616
2020-05-02 00:10:22,732 - root - INFO - Epoch: 1, Step: 1400, Average Loss: 296.0293, Average Regression Loss 6.7220, Average Classification Loss: 289.3074
2020-05-02 00:12:27,373 - root - INFO - Epoch: 1, Step: 1500, Average Loss: 301.5040, Average Regression Loss 6.7169, Average Classification Loss: 294.7871
2020-05-02 00:14:36,533 - root - INFO - Epoch: 1, Step: 1600, Average Loss: 285.8193, Average Regression Loss 7.2173, Average Classification Loss: 278.6020
2020-05-02 00:16:44,874 - root - INFO - Epoch: 1, Step: 1700, Average Loss: 283.9211, Average Regression Loss 6.7773, Average Classification Loss: 277.1438
2020-05-02 00:18:51,203 - root - INFO - Epoch: 1, Step: 1800, Average Loss: 307.9084, Average Regression Loss 6.5914, Average Classification Loss: 301.3171
2020-05-02 00:20:57,891 - root - INFO - Epoch: 1, Step: 1900, Average Loss: 304.9297, Average Regression Loss 6.6123, Average Classification Loss: 298.3174
2020-05-02 00:23:02,627 - root - INFO - Epoch: 1, Step: 2000, Average Loss: 301.7936, Average Regression Loss 6.7899, Average Classification Loss: 295.0036
2020-05-02 00:25:07,385 - root - INFO - Epoch: 1, Step: 2100, Average Loss: 299.8373, Average Regression Loss 6.9329, Average Classification Loss: 292.9044
2020-05-02 00:27:13,812 - root - INFO - Epoch: 1, Step: 2200, Average Loss: 283.6364, Average Regression Loss 6.4219, Average Classification Loss: 277.2145
2020-05-02 00:29:21,927 - root - INFO - Epoch: 1, Step: 2300, Average Loss: 309.8493, Average Regression Loss 6.8152, Average Classification Loss: 303.0341
2020-05-02 00:31:28,635 - root - INFO - Epoch: 1, Step: 2400, Average Loss: 307.7762, Average Regression Loss 7.6211, Average Classification Loss: 300.1550
2020-05-02 00:33:38,182 - root - INFO - Epoch: 1, Step: 2500, Average Loss: 315.6907, Average Regression Loss 7.4713, Average Classification Loss: 308.2194
2020-05-02 00:35:41,605 - root - INFO - Epoch: 1, Step: 2600, Average Loss: 301.9813, Average Regression Loss 7.2710, Average Classification Loss: 294.7103
2020-05-02 00:37:46,682 - root - INFO - Epoch: 1, Step: 2700, Average Loss: 309.2077, Average Regression Loss 7.0790, Average Classification Loss: 302.1287
2020-05-02 00:39:53,677 - root - INFO - Epoch: 1, Step: 2800, Average Loss: 315.6607, Average Regression Loss 7.0059, Average Classification Loss: 308.6549
2020-05-02 00:42:00,144 - root - INFO - Epoch: 1, Step: 2900, Average Loss: 312.9307, Average Regression Loss 8.0745, Average Classification Loss: 304.8562
2020-05-02 00:44:12,442 - root - INFO - Epoch: 1, Step: 3000, Average Loss: 309.5958, Average Regression Loss 7.4146, Average Classification Loss: 302.1812
2020-05-02 00:46:16,254 - root - INFO - Epoch: 1, Step: 3100, Average Loss: 291.0036, Average Regression Loss 7.8554, Average Classification Loss: 283.1482
2020-05-02 00:48:23,995 - root - INFO - Epoch: 1, Step: 3200, Average Loss: 322.2180, Average Regression Loss 6.8814, Average Classification Loss: 315.3366
2020-05-02 00:50:34,551 - root - INFO - Epoch: 1, Step: 3300, Average Loss: 318.0020, Average Regression Loss 6.9000, Average Classification Loss: 311.1020
2020-05-02 00:52:41,412 - root - INFO - Epoch: 1, Step: 3400, Average Loss: 334.2086, Average Regression Loss 6.8475, Average Classification Loss: 327.3611
2020-05-02 00:54:47,582 - root - INFO - Epoch: 1, Step: 3500, Average Loss: 338.4044, Average Regression Loss 6.8752, Average Classification Loss: 331.5292
2020-05-02 00:56:53,104 - root - INFO - Epoch: 1, Step: 3600, Average Loss: 317.6632, Average Regression Loss 7.3992, Average Classification Loss: 310.2640
2020-05-02 00:58:57,865 - root - INFO - Epoch: 1, Step: 3700, Average Loss: 317.1923, Average Regression Loss 6.9422, Average Classification Loss: 310.2502
2020-05-02 01:01:07,671 - root - INFO - Epoch: 1, Step: 3800, Average Loss: 330.3303, Average Regression Loss 7.4889, Average Classification Loss: 322.8414
2020-05-02 01:03:15,597 - root - INFO - Epoch: 1, Step: 3900, Average Loss: 344.4490, Average Regression Loss 6.8484, Average Classification Loss: 337.6006
2020-05-02 01:05:26,781 - root - INFO - Epoch: 1, Step: 4000, Average Loss: 382.9492, Average Regression Loss 7.0637, Average Classification Loss: 375.8854
2020-05-02 01:07:33,892 - root - INFO - Epoch: 1, Step: 4100, Average Loss: 368.3806, Average Regression Loss 6.7529, Average Classification Loss: 361.6276
2020-05-02 01:09:38,875 - root - INFO - Epoch: 1, Step: 4200, Average Loss: 353.0039, Average Regression Loss 7.7228, Average Classification Loss: 345.2811
2020-05-02 01:11:47,480 - root - INFO - Epoch: 1, Step: 4300, Average Loss: 316.2455, Average Regression Loss 7.6612, Average Classification Loss: 308.5843
2020-05-02 01:14:00,846 - root - INFO - Epoch: 1, Step: 4400, Average Loss: 300.5617, Average Regression Loss 6.6650, Average Classification Loss: 293.8967
2020-05-02 01:16:09,780 - root - INFO - Epoch: 1, Step: 4500, Average Loss: 339.5527, Average Regression Loss 7.4204, Average Classification Loss: 332.1324
2020-05-02 01:18:19,525 - root - INFO - Epoch: 1, Step: 4600, Average Loss: 363.9269, Average Regression Loss 8.3913, Average Classification Loss: 355.5355
2020-05-02 01:20:26,129 - root - INFO - Epoch: 1, Step: 4700, Average Loss: 376.7912, Average Regression Loss 9.9865, Average Classification Loss: 366.8047
2020-05-02 01:22:33,898 - root - INFO - Epoch: 1, Step: 4800, Average Loss: 368.2175, Average Regression Loss 8.3446, Average Classification Loss: 359.8729
2020-05-02 01:24:39,991 - root - INFO - Epoch: 1, Step: 4900, Average Loss: 359.5235, Average Regression Loss 7.4521, Average Classification Loss: 352.0714
2020-05-02 01:26:47,141 - root - INFO - Epoch: 1, Step: 5000, Average Loss: 372.7303, Average Regression Loss 7.8674, Average Classification Loss: 364.8628
2020-05-02 01:28:53,468 - root - INFO - Epoch: 1, Step: 5100, Average Loss: 335.9343, Average Regression Loss 7.3846, Average Classification Loss: 328.5498
2020-05-02 01:30:58,953 - root - INFO - Epoch: 1, Step: 5200, Average Loss: 344.3854, Average Regression Loss 7.7921, Average Classification Loss: 336.5932
2020-05-02 01:33:14,194 - root - INFO - Epoch: 1, Step: 5300, Average Loss: 317.4608, Average Regression Loss 8.4560, Average Classification Loss: 309.0048
2020-05-02 01:35:20,518 - root - INFO - Epoch: 1, Step: 5400, Average Loss: 313.1141, Average Regression Loss 9.6996, Average Classification Loss: 303.4144
2020-05-02 01:37:28,992 - root - INFO - Epoch: 1, Step: 5500, Average Loss: 336.7247, Average Regression Loss 7.7590, Average Classification Loss: 328.9657
2020-05-02 01:39:38,039 - root - INFO - Epoch: 1, Step: 5600, Average Loss: 347.4351, Average Regression Loss 7.1299, Average Classification Loss: 340.3052
2020-05-02 01:41:47,101 - root - INFO - Epoch: 1, Step: 5700, Average Loss: 337.3571, Average Regression Loss 6.4227, Average Classification Loss: 330.9343
2020-05-02 01:43:53,819 - root - INFO - Epoch: 1, Step: 5800, Average Loss: 325.2745, Average Regression Loss 6.9258, Average Classification Loss: 318.3488
2020-05-02 01:46:00,943 - root - INFO - Epoch: 1, Step: 5900, Average Loss: 293.6517, Average Regression Loss 7.1696, Average Classification Loss: 286.4822
2020-05-02 01:48:06,821 - root - INFO - Epoch: 1, Step: 6000, Average Loss: 325.3345, Average Regression Loss 8.8019, Average Classification Loss: 316.5326
2020-05-02 01:50:15,658 - root - INFO - Epoch: 1, Step: 6100, Average Loss: 354.7567, Average Regression Loss 8.5302, Average Classification Loss: 346.2265
2020-05-02 01:52:25,970 - root - INFO - Epoch: 1, Step: 6200, Average Loss: 352.7174, Average Regression Loss 7.2833, Average Classification Loss: 345.4341
2020-05-02 01:54:36,000 - root - INFO - Epoch: 1, Step: 6300, Average Loss: 372.7499, Average Regression Loss 7.1249, Average Classification Loss: 365.6249
2020-05-02 01:56:46,638 - root - INFO - Epoch: 1, Step: 6400, Average Loss: 366.4827, Average Regression Loss 6.7794, Average Classification Loss: 359.7034
2020-05-02 01:58:56,033 - root - INFO - Epoch: 1, Step: 6500, Average Loss: 347.3206, Average Regression Loss 7.3378, Average Classification Loss: 339.9829
2020-05-02 02:01:03,719 - root - INFO - Epoch: 1, Step: 6600, Average Loss: 336.5118, Average Regression Loss 7.4279, Average Classification Loss: 329.0839
2020-05-02 02:03:12,343 - root - INFO - Epoch: 1, Step: 6700, Average Loss: 370.8347, Average Regression Loss 7.5395, Average Classification Loss: 363.2952
2020-05-02 02:05:19,331 - root - INFO - Epoch: 1, Step: 6800, Average Loss: 378.5605, Average Regression Loss 7.4928, Average Classification Loss: 371.0677
2020-05-02 02:07:25,474 - root - INFO - Epoch: 1, Step: 6900, Average Loss: 349.3777, Average Regression Loss 7.5741, Average Classification Loss: 341.8036
2020-05-02 02:09:32,595 - root - INFO - Epoch: 1, Step: 7000, Average Loss: 373.0547, Average Regression Loss 8.0195, Average Classification Loss: 365.0352
2020-05-02 02:11:43,364 - root - INFO - Epoch: 1, Step: 7100, Average Loss: 369.5720, Average Regression Loss 8.3517, Average Classification Loss: 361.2203
2020-05-02 02:13:49,095 - root - INFO - Epoch: 1, Step: 7200, Average Loss: 324.3977, Average Regression Loss 8.0853, Average Classification Loss: 316.3124
2020-05-02 02:16:03,861 - root - INFO - Epoch: 1, Step: 7300, Average Loss: 344.2470, Average Regression Loss 7.1876, Average Classification Loss: 337.0594
2020-05-02 02:18:13,744 - root - INFO - Epoch: 1, Step: 7400, Average Loss: 364.5534, Average Regression Loss 7.4140, Average Classification Loss: 357.1394
2020-05-02 02:20:24,604 - root - INFO - Epoch: 1, Step: 7500, Average Loss: 392.5876, Average Regression Loss 8.0496, Average Classification Loss: 384.5379
2020-05-02 02:22:32,307 - root - INFO - Epoch: 1, Step: 7600, Average Loss: 379.0148, Average Regression Loss 8.4832, Average Classification Loss: 370.5316
2020-05-02 02:24:39,798 - root - INFO - Epoch: 1, Step: 7700, Average Loss: 390.5942, Average Regression Loss 10.1293, Average Classification Loss: 380.4649
2020-05-02 02:26:45,166 - root - INFO - Epoch: 1, Step: 7800, Average Loss: 342.0999, Average Regression Loss 9.2192, Average Classification Loss: 332.8807
2020-05-02 02:28:52,134 - root - INFO - Epoch: 1, Step: 7900, Average Loss: 347.4030, Average Regression Loss 8.0523, Average Classification Loss: 339.3507
2020-05-02 02:31:00,042 - root - INFO - Epoch: 1, Step: 8000, Average Loss: 358.6241, Average Regression Loss 7.9771, Average Classification Loss: 350.6470
2020-05-02 02:33:07,059 - root - INFO - Epoch: 1, Step: 8100, Average Loss: 385.5319, Average Regression Loss 8.1777, Average Classification Loss: 377.3543
2020-05-02 02:35:17,631 - root - INFO - Epoch: 1, Step: 8200, Average Loss: 380.7866, Average Regression Loss 8.9591, Average Classification Loss: 371.8275
2020-05-02 02:37:28,803 - root - INFO - Epoch: 1, Step: 8300, Average Loss: 390.4548, Average Regression Loss 8.2016, Average Classification Loss: 382.2531
2020-05-02 02:39:38,573 - root - INFO - Epoch: 1, Step: 8400, Average Loss: 377.2303, Average Regression Loss 8.1383, Average Classification Loss: 369.0919
2020-05-02 02:41:46,298 - root - INFO - Epoch: 1, Step: 8500, Average Loss: 372.9186, Average Regression Loss 8.2936, Average Classification Loss: 364.6249
2020-05-02 02:43:53,925 - root - INFO - Epoch: 1, Step: 8600, Average Loss: 359.3603, Average Regression Loss 7.5101, Average Classification Loss: 351.8502
2020-05-02 02:46:01,275 - root - INFO - Epoch: 1, Step: 8700, Average Loss: 386.1445, Average Regression Loss 7.4012, Average Classification Loss: 378.7433
2020-05-02 02:48:11,981 - root - INFO - Epoch: 1, Step: 8800, Average Loss: 372.9962, Average Regression Loss 7.6252, Average Classification Loss: 365.3710
2020-05-02 02:50:18,178 - root - INFO - Epoch: 1, Step: 8900, Average Loss: 379.3542, Average Regression Loss 7.7137, Average Classification Loss: 371.6405
2020-05-02 02:52:25,557 - root - INFO - Epoch: 1, Step: 9000, Average Loss: 419.7935, Average Regression Loss 8.9320, Average Classification Loss: 410.8615
2020-05-02 02:55:46,208 - root - INFO - Epoch: 2, Step: 100, Average Loss: 414.7978, Average Regression Loss 9.7810, Average Classification Loss: 405.0168
2020-05-02 02:57:49,769 - root - INFO - Epoch: 2, Step: 200, Average Loss: 410.2840, Average Regression Loss 7.8350, Average Classification Loss: 402.4490
2020-05-02 02:59:56,413 - root - INFO - Epoch: 2, Step: 300, Average Loss: 379.5180, Average Regression Loss 7.4340, Average Classification Loss: 372.0840
2020-05-02 03:02:05,839 - root - INFO - Epoch: 2, Step: 400, Average Loss: 374.7242, Average Regression Loss 7.2640, Average Classification Loss: 367.4601
2020-05-02 03:04:08,890 - root - INFO - Epoch: 2, Step: 500, Average Loss: 420.9702, Average Regression Loss 7.5188, Average Classification Loss: 413.4514
2020-05-02 03:06:18,879 - root - INFO - Epoch: 2, Step: 600, Average Loss: 426.3241, Average Regression Loss 7.4244, Average Classification Loss: 418.8997
2020-05-02 03:08:26,447 - root - INFO - Epoch: 2, Step: 700, Average Loss: 414.0737, Average Regression Loss 8.8231, Average Classification Loss: 405.2506
2020-05-02 03:10:34,121 - root - INFO - Epoch: 2, Step: 800, Average Loss: 406.1444, Average Regression Loss 8.1400, Average Classification Loss: 398.0045
2020-05-02 03:12:40,899 - root - INFO - Epoch: 2, Step: 900, Average Loss: 399.1357, Average Regression Loss 7.3570, Average Classification Loss: 391.7787
2020-05-02 03:14:50,739 - root - INFO - Epoch: 2, Step: 1000, Average Loss: 434.6545, Average Regression Loss 7.4712, Average Classification Loss: 427.1833
2020-05-02 03:16:58,272 - root - INFO - Epoch: 2, Step: 1100, Average Loss: 411.0565, Average Regression Loss 7.9406, Average Classification Loss: 403.1160
2020-05-02 03:19:04,491 - root - INFO - Epoch: 2, Step: 1200, Average Loss: 375.5436, Average Regression Loss 8.5511, Average Classification Loss: 366.9925
2020-05-02 03:21:08,328 - root - INFO - Epoch: 2, Step: 1300, Average Loss: 327.4716, Average Regression Loss 7.2328, Average Classification Loss: 320.2389
2020-05-02 03:23:13,450 - root - INFO - Epoch: 2, Step: 1400, Average Loss: 352.2143, Average Regression Loss 7.1983, Average Classification Loss: 345.0160
2020-05-02 03:25:20,253 - root - INFO - Epoch: 2, Step: 1500, Average Loss: 395.3939, Average Regression Loss 7.5416, Average Classification Loss: 387.8523
2020-05-02 03:27:26,746 - root - INFO - Epoch: 2, Step: 1600, Average Loss: 403.1117, Average Regression Loss 7.9870, Average Classification Loss: 395.1247
2020-05-02 03:29:34,083 - root - INFO - Epoch: 2, Step: 1700, Average Loss: 447.2731, Average Regression Loss 7.4192, Average Classification Loss: 439.8539
2020-05-02 03:31:35,702 - root - INFO - Epoch: 2, Step: 1800, Average Loss: 445.1924, Average Regression Loss 7.6196, Average Classification Loss: 437.5729
2020-05-02 03:33:42,661 - root - INFO - Epoch: 2, Step: 1900, Average Loss: 409.6061, Average Regression Loss 8.2471, Average Classification Loss: 401.3590
2020-05-02 03:35:48,385 - root - INFO - Epoch: 2, Step: 2000, Average Loss: 412.6200, Average Regression Loss 9.4493, Average Classification Loss: 403.1707
2020-05-02 03:37:53,389 - root - INFO - Epoch: 2, Step: 2100, Average Loss: 399.4911, Average Regression Loss 7.8395, Average Classification Loss: 391.6516
2020-05-02 03:39:59,993 - root - INFO - Epoch: 2, Step: 2200, Average Loss: 350.1112, Average Regression Loss 7.7974, Average Classification Loss: 342.3138
2020-05-02 03:42:06,461 - root - INFO - Epoch: 2, Step: 2300, Average Loss: 327.2797, Average Regression Loss 7.3955, Average Classification Loss: 319.8842
2020-05-02 03:44:12,070 - root - INFO - Epoch: 2, Step: 2400, Average Loss: 368.1489, Average Regression Loss 7.8878, Average Classification Loss: 360.2611
2020-05-02 03:46:16,409 - root - INFO - Epoch: 2, Step: 2500, Average Loss: 399.6152, Average Regression Loss 7.7592, Average Classification Loss: 391.8560
2020-05-02 03:48:23,496 - root - INFO - Epoch: 2, Step: 2600, Average Loss: 369.9593, Average Regression Loss 7.6412, Average Classification Loss: 362.3181
2020-05-02 03:50:32,146 - root - INFO - Epoch: 2, Step: 2700, Average Loss: 347.7626, Average Regression Loss 7.7567, Average Classification Loss: 340.0059
2020-05-02 03:52:35,180 - root - INFO - Epoch: 2, Step: 2800, Average Loss: 351.0010, Average Regression Loss 7.4637, Average Classification Loss: 343.5373
2020-05-02 03:54:42,868 - root - INFO - Epoch: 2, Step: 2900, Average Loss: 391.6303, Average Regression Loss 7.5073, Average Classification Loss: 384.1230
2020-05-02 03:56:49,607 - root - INFO - Epoch: 2, Step: 3000, Average Loss: 352.8410, Average Regression Loss 7.9165, Average Classification Loss: 344.9245
2020-05-02 03:58:58,887 - root - INFO - Epoch: 2, Step: 3100, Average Loss: 375.2105, Average Regression Loss 7.5394, Average Classification Loss: 367.6711
2020-05-02 04:01:05,530 - root - INFO - Epoch: 2, Step: 3200, Average Loss: 373.8724, Average Regression Loss 7.1686, Average Classification Loss: 366.7038
2020-05-02 04:03:15,536 - root - INFO - Epoch: 2, Step: 3300, Average Loss: 366.2605, Average Regression Loss 6.9987, Average Classification Loss: 359.2618
2020-05-02 04:05:20,782 - root - INFO - Epoch: 2, Step: 3400, Average Loss: 373.6124, Average Regression Loss 7.5639, Average Classification Loss: 366.0485
2020-05-02 04:07:28,839 - root - INFO - Epoch: 2, Step: 3500, Average Loss: 372.4257, Average Regression Loss 7.6569, Average Classification Loss: 364.7688
2020-05-02 04:09:34,622 - root - INFO - Epoch: 2, Step: 3600, Average Loss: 395.9209, Average Regression Loss 7.5083, Average Classification Loss: 388.4126
2020-05-02 04:11:38,931 - root - INFO - Epoch: 2, Step: 3700, Average Loss: 361.5735, Average Regression Loss 7.1102, Average Classification Loss: 354.4632
2020-05-02 04:13:46,121 - root - INFO - Epoch: 2, Step: 3800, Average Loss: 354.9065, Average Regression Loss 7.5647, Average Classification Loss: 347.3419
2020-05-02 04:15:52,854 - root - INFO - Epoch: 2, Step: 3900, Average Loss: 381.1144, Average Regression Loss 7.3572, Average Classification Loss: 373.7572
2020-05-02 04:18:00,014 - root - INFO - Epoch: 2, Step: 4000, Average Loss: 394.0051, Average Regression Loss 7.2572, Average Classification Loss: 386.7479
2020-05-02 04:20:08,491 - root - INFO - Epoch: 2, Step: 4100, Average Loss: 422.3099, Average Regression Loss 8.7304, Average Classification Loss: 413.5796
2020-05-02 04:22:16,341 - root - INFO - Epoch: 2, Step: 4200, Average Loss: 393.9282, Average Regression Loss 8.0752, Average Classification Loss: 385.8530
2020-05-02 04:24:26,353 - root - INFO - Epoch: 2, Step: 4300, Average Loss: 416.0389, Average Regression Loss 7.6121, Average Classification Loss: 408.4268
2020-05-02 04:26:35,199 - root - INFO - Epoch: 2, Step: 4400, Average Loss: 401.0938, Average Regression Loss 7.8391, Average Classification Loss: 393.2547
2020-05-02 04:28:37,000 - root - INFO - Epoch: 2, Step: 4500, Average Loss: 396.5815, Average Regression Loss 7.9334, Average Classification Loss: 388.6481
2020-05-02 04:30:43,700 - root - INFO - Epoch: 2, Step: 4600, Average Loss: 399.7804, Average Regression Loss 7.9956, Average Classification Loss: 391.7848
2020-05-02 04:32:47,975 - root - INFO - Epoch: 2, Step: 4700, Average Loss: 404.4726, Average Regression Loss 7.4457, Average Classification Loss: 397.0270
2020-05-02 04:34:51,696 - root - INFO - Epoch: 2, Step: 4800, Average Loss: 401.8670, Average Regression Loss 8.8664, Average Classification Loss: 393.0005
2020-05-02 04:36:59,003 - root - INFO - Epoch: 2, Step: 4900, Average Loss: 386.3858, Average Regression Loss 8.3807, Average Classification Loss: 378.0051
2020-05-02 04:39:05,883 - root - INFO - Epoch: 2, Step: 5000, Average Loss: 379.5912, Average Regression Loss 7.0047, Average Classification Loss: 372.5865
2020-05-02 04:41:16,849 - root - INFO - Epoch: 2, Step: 5100, Average Loss: 381.8965, Average Regression Loss 8.5694, Average Classification Loss: 373.3272
2020-05-02 04:43:21,630 - root - INFO - Epoch: 2, Step: 5200, Average Loss: 400.2718, Average Regression Loss 9.7513, Average Classification Loss: 390.5205
2020-05-02 04:45:35,935 - root - INFO - Epoch: 2, Step: 5300, Average Loss: 395.9757, Average Regression Loss 8.6654, Average Classification Loss: 387.3103
2020-05-02 04:47:44,270 - root - INFO - Epoch: 2, Step: 5400, Average Loss: 386.3505, Average Regression Loss 7.8960, Average Classification Loss: 378.4544
2020-05-02 04:49:54,588 - root - INFO - Epoch: 2, Step: 5500, Average Loss: 393.5563, Average Regression Loss 8.3255, Average Classification Loss: 385.2308
2020-05-02 04:52:02,287 - root - INFO - Epoch: 2, Step: 5600, Average Loss: 389.8536, Average Regression Loss 7.4292, Average Classification Loss: 382.4244
2020-05-02 04:54:16,072 - root - INFO - Epoch: 2, Step: 5700, Average Loss: 370.8040, Average Regression Loss 7.9862, Average Classification Loss: 362.8178
2020-05-02 04:56:24,242 - root - INFO - Epoch: 2, Step: 5800, Average Loss: 385.4997, Average Regression Loss 7.2989, Average Classification Loss: 378.2008
2020-05-02 04:58:31,188 - root - INFO - Epoch: 2, Step: 5900, Average Loss: 392.2034, Average Regression Loss 7.2292, Average Classification Loss: 384.9741
2020-05-02 05:00:40,798 - root - INFO - Epoch: 2, Step: 6000, Average Loss: 395.1230, Average Regression Loss 7.8131, Average Classification Loss: 387.3099
2020-05-02 05:02:50,043 - root - INFO - Epoch: 2, Step: 6100, Average Loss: 385.6624, Average Regression Loss 9.0065, Average Classification Loss: 376.6560
2020-05-02 05:05:00,030 - root - INFO - Epoch: 2, Step: 6200, Average Loss: 426.8709, Average Regression Loss 8.5687, Average Classification Loss: 418.3021
2020-05-02 05:07:07,782 - root - INFO - Epoch: 2, Step: 6300, Average Loss: 441.3425, Average Regression Loss 8.3443, Average Classification Loss: 432.9982
2020-05-02 05:09:17,869 - root - INFO - Epoch: 2, Step: 6400, Average Loss: 407.6169, Average Regression Loss 7.8310, Average Classification Loss: 399.7859
2020-05-02 05:11:22,712 - root - INFO - Epoch: 2, Step: 6500, Average Loss: 393.3252, Average Regression Loss 8.2410, Average Classification Loss: 385.0842
2020-05-02 05:13:29,868 - root - INFO - Epoch: 2, Step: 6600, Average Loss: 388.0260, Average Regression Loss 7.5362, Average Classification Loss: 380.4897
2020-05-02 05:15:37,966 - root - INFO - Epoch: 2, Step: 6700, Average Loss: 387.2855, Average Regression Loss 8.1042, Average Classification Loss: 379.1813
2020-05-02 05:17:52,777 - root - INFO - Epoch: 2, Step: 6800, Average Loss: 380.4572, Average Regression Loss 8.3734, Average Classification Loss: 372.0838
2020-05-02 05:19:58,095 - root - INFO - Epoch: 2, Step: 6900, Average Loss: 381.1844, Average Regression Loss 8.5394, Average Classification Loss: 372.6449
2020-05-02 05:22:07,416 - root - INFO - Epoch: 2, Step: 7000, Average Loss: 376.7012, Average Regression Loss 8.3859, Average Classification Loss: 368.3153
2020-05-02 05:24:14,478 - root - INFO - Epoch: 2, Step: 7100, Average Loss: 362.2010, Average Regression Loss 7.3520, Average Classification Loss: 354.8490
2020-05-02 05:26:20,114 - root - INFO - Epoch: 2, Step: 7200, Average Loss: 404.3898, Average Regression Loss 8.7926, Average Classification Loss: 395.5972
2020-05-02 05:28:26,827 - root - INFO - Epoch: 2, Step: 7300, Average Loss: 442.9417, Average Regression Loss 11.6128, Average Classification Loss: 431.3288
2020-05-02 05:30:33,302 - root - INFO - Epoch: 2, Step: 7400, Average Loss: 390.6368, Average Regression Loss 8.7468, Average Classification Loss: 381.8900
2020-05-02 05:32:41,818 - root - INFO - Epoch: 2, Step: 7500, Average Loss: 383.6162, Average Regression Loss 8.4119, Average Classification Loss: 375.2043
2020-05-02 05:34:51,449 - root - INFO - Epoch: 2, Step: 7600, Average Loss: 369.5496, Average Regression Loss 7.9050, Average Classification Loss: 361.6447
2020-05-02 05:36:58,111 - root - INFO - Epoch: 2, Step: 7700, Average Loss: 404.7742, Average Regression Loss 8.6602, Average Classification Loss: 396.1140
2020-05-02 05:39:05,627 - root - INFO - Epoch: 2, Step: 7800, Average Loss: 410.5268, Average Regression Loss 8.0069, Average Classification Loss: 402.5199
2020-05-02 05:41:18,255 - root - INFO - Epoch: 2, Step: 7900, Average Loss: 392.0613, Average Regression Loss 8.5768, Average Classification Loss: 383.4845
2020-05-02 05:43:30,566 - root - INFO - Epoch: 2, Step: 8000, Average Loss: 420.6333, Average Regression Loss 8.9264, Average Classification Loss: 411.7069
2020-05-02 05:45:36,378 - root - INFO - Epoch: 2, Step: 8100, Average Loss: 441.4922, Average Regression Loss 7.8958, Average Classification Loss: 433.5964
2020-05-02 05:47:47,171 - root - INFO - Epoch: 2, Step: 8200, Average Loss: 386.0393, Average Regression Loss 7.5147, Average Classification Loss: 378.5245
2020-05-02 05:49:53,444 - root - INFO - Epoch: 2, Step: 8300, Average Loss: 396.4495, Average Regression Loss 7.9349, Average Classification Loss: 388.5146
2020-05-02 05:52:03,981 - root - INFO - Epoch: 2, Step: 8400, Average Loss: 426.7280, Average Regression Loss 7.9312, Average Classification Loss: 418.7968
2020-05-02 05:54:11,965 - root - INFO - Epoch: 2, Step: 8500, Average Loss: 436.4382, Average Regression Loss 7.8862, Average Classification Loss: 428.5519
2020-05-02 05:56:16,412 - root - INFO - Epoch: 2, Step: 8600, Average Loss: 365.2064, Average Regression Loss 8.1696, Average Classification Loss: 357.0368
2020-05-02 05:58:26,881 - root - INFO - Epoch: 2, Step: 8700, Average Loss: 356.8363, Average Regression Loss 7.5763, Average Classification Loss: 349.2601
2020-05-02 06:00:40,149 - root - INFO - Epoch: 2, Step: 8800, Average Loss: 402.1969, Average Regression Loss 8.8929, Average Classification Loss: 393.3040
2020-05-02 06:02:48,704 - root - INFO - Epoch: 2, Step: 8900, Average Loss: 439.2838, Average Regression Loss 7.6571, Average Classification Loss: 431.6267
2020-05-02 06:04:52,232 - root - INFO - Epoch: 2, Step: 9000, Average Loss: 416.9098, Average Regression Loss 8.8990, Average Classification Loss: 408.0108
2020-05-02 06:08:10,895 - root - INFO - Epoch: 3, Step: 100, Average Loss: 362.8059, Average Regression Loss 8.7038, Average Classification Loss: 354.1021
2020-05-02 06:10:17,160 - root - INFO - Epoch: 3, Step: 200, Average Loss: 371.4395, Average Regression Loss 7.5842, Average Classification Loss: 363.8553
2020-05-02 06:12:24,051 - root - INFO - Epoch: 3, Step: 300, Average Loss: 424.2040, Average Regression Loss 7.9309, Average Classification Loss: 416.2732
2020-05-02 06:14:31,837 - root - INFO - Epoch: 3, Step: 400, Average Loss: 444.2727, Average Regression Loss 8.7981, Average Classification Loss: 435.4746
2020-05-02 06:16:37,273 - root - INFO - Epoch: 3, Step: 500, Average Loss: 413.5384, Average Regression Loss 7.5762, Average Classification Loss: 405.9622
2020-05-02 06:18:48,191 - root - INFO - Epoch: 3, Step: 600, Average Loss: 425.6115, Average Regression Loss 8.4808, Average Classification Loss: 417.1307
2020-05-02 06:20:54,491 - root - INFO - Epoch: 3, Step: 700, Average Loss: 397.0995, Average Regression Loss 7.5633, Average Classification Loss: 389.5362
2020-05-02 06:23:02,489 - root - INFO - Epoch: 3, Step: 800, Average Loss: 399.1828, Average Regression Loss 7.6986, Average Classification Loss: 391.4842
2020-05-02 06:25:07,833 - root - INFO - Epoch: 3, Step: 900, Average Loss: 405.0122, Average Regression Loss 7.9993, Average Classification Loss: 397.0129
2020-05-02 06:27:16,038 - root - INFO - Epoch: 3, Step: 1000, Average Loss: 412.4088, Average Regression Loss 7.8406, Average Classification Loss: 404.5683
2020-05-02 06:29:24,372 - root - INFO - Epoch: 3, Step: 1100, Average Loss: 407.6459, Average Regression Loss 8.0682, Average Classification Loss: 399.5777
2020-05-02 06:31:34,171 - root - INFO - Epoch: 3, Step: 1200, Average Loss: 419.3607, Average Regression Loss 7.8130, Average Classification Loss: 411.5477
2020-05-02 06:33:41,312 - root - INFO - Epoch: 3, Step: 1300, Average Loss: 393.3580, Average Regression Loss 7.0546, Average Classification Loss: 386.3035
2020-05-02 06:35:48,360 - root - INFO - Epoch: 3, Step: 1400, Average Loss: 454.0204, Average Regression Loss 7.9665, Average Classification Loss: 446.0539
2020-05-02 06:37:51,902 - root - INFO - Epoch: 3, Step: 1500, Average Loss: 452.3186, Average Regression Loss 7.3101, Average Classification Loss: 445.0085
2020-05-02 06:39:59,474 - root - INFO - Epoch: 3, Step: 1600, Average Loss: 452.6558, Average Regression Loss 7.7198, Average Classification Loss: 444.9360
2020-05-02 06:42:07,765 - root - INFO - Epoch: 3, Step: 1700, Average Loss: 474.0647, Average Regression Loss 7.5442, Average Classification Loss: 466.5205
2020-05-02 06:44:11,498 - root - INFO - Epoch: 3, Step: 1800, Average Loss: 444.1933, Average Regression Loss 8.1942, Average Classification Loss: 435.9991
2020-05-02 06:46:17,013 - root - INFO - Epoch: 3, Step: 1900, Average Loss: 485.0600, Average Regression Loss 10.4115, Average Classification Loss: 474.6485
2020-05-02 06:48:20,638 - root - INFO - Epoch: 3, Step: 2000, Average Loss: 448.3470, Average Regression Loss 7.8722, Average Classification Loss: 440.4749
2020-05-02 06:50:30,361 - root - INFO - Epoch: 3, Step: 2100, Average Loss: 430.3912, Average Regression Loss 6.8805, Average Classification Loss: 423.5108
2020-05-02 06:52:41,071 - root - INFO - Epoch: 3, Step: 2200, Average Loss: 461.9782, Average Regression Loss 7.4826, Average Classification Loss: 454.4956
2020-05-02 06:54:48,624 - root - INFO - Epoch: 3, Step: 2300, Average Loss: 461.0166, Average Regression Loss 8.6142, Average Classification Loss: 452.4023
2020-05-02 06:56:52,288 - root - INFO - Epoch: 3, Step: 2400, Average Loss: 430.5849, Average Regression Loss 7.6315, Average Classification Loss: 422.9534
2020-05-02 06:59:00,406 - root - INFO - Epoch: 3, Step: 2500, Average Loss: 450.2330, Average Regression Loss 8.8622, Average Classification Loss: 441.3708
2020-05-02 07:01:06,399 - root - INFO - Epoch: 3, Step: 2600, Average Loss: 484.3611, Average Regression Loss 9.3499, Average Classification Loss: 475.0112
2020-05-02 07:03:12,246 - root - INFO - Epoch: 3, Step: 2700, Average Loss: 453.9423, Average Regression Loss 7.4561, Average Classification Loss: 446.4862
2020-05-02 07:05:19,170 - root - INFO - Epoch: 3, Step: 2800, Average Loss: 429.5468, Average Regression Loss 7.1617, Average Classification Loss: 422.3851
2020-05-02 07:07:24,893 - root - INFO - Epoch: 3, Step: 2900, Average Loss: 494.9420, Average Regression Loss 7.8695, Average Classification Loss: 487.0725
2020-05-02 07:09:32,408 - root - INFO - Epoch: 3, Step: 3000, Average Loss: 414.5069, Average Regression Loss 7.8119, Average Classification Loss: 406.6950
2020-05-02 07:11:38,084 - root - INFO - Epoch: 3, Step: 3100, Average Loss: 431.4450, Average Regression Loss 7.3687, Average Classification Loss: 424.0763
2020-05-02 07:13:41,497 - root - INFO - Epoch: 3, Step: 3200, Average Loss: 461.2998, Average Regression Loss 7.4712, Average Classification Loss: 453.8286
2020-05-02 07:15:51,430 - root - INFO - Epoch: 3, Step: 3300, Average Loss: 438.1039, Average Regression Loss 7.9133, Average Classification Loss: 430.1906
2020-05-02 07:17:56,436 - root - INFO - Epoch: 3, Step: 3400, Average Loss: 443.2243, Average Regression Loss 8.1274, Average Classification Loss: 435.0969
2020-05-02 07:20:00,926 - root - INFO - Epoch: 3, Step: 3500, Average Loss: 408.1720, Average Regression Loss 7.5088, Average Classification Loss: 400.6632
2020-05-02 07:22:04,956 - root - INFO - Epoch: 3, Step: 3600, Average Loss: 405.4206, Average Regression Loss 7.7461, Average Classification Loss: 397.6746
2020-05-02 07:24:13,956 - root - INFO - Epoch: 3, Step: 3700, Average Loss: 396.3323, Average Regression Loss 7.5462, Average Classification Loss: 388.7861
2020-05-02 07:26:17,370 - root - INFO - Epoch: 3, Step: 3800, Average Loss: 427.0864, Average Regression Loss 7.3296, Average Classification Loss: 419.7568
2020-05-02 07:28:27,780 - root - INFO - Epoch: 3, Step: 3900, Average Loss: 437.6446, Average Regression Loss 8.1388, Average Classification Loss: 429.5058
2020-05-02 07:30:37,370 - root - INFO - Epoch: 3, Step: 4000, Average Loss: 434.4490, Average Regression Loss 7.9827, Average Classification Loss: 426.4664
2020-05-02 07:32:41,294 - root - INFO - Epoch: 3, Step: 4100, Average Loss: 436.9541, Average Regression Loss 7.1102, Average Classification Loss: 429.8439
2020-05-02 07:34:48,394 - root - INFO - Epoch: 3, Step: 4200, Average Loss: 431.2175, Average Regression Loss 7.4993, Average Classification Loss: 423.7182
2020-05-02 07:36:54,618 - root - INFO - Epoch: 3, Step: 4300, Average Loss: 437.4681, Average Regression Loss 7.4883, Average Classification Loss: 429.9798
2020-05-02 07:39:04,760 - root - INFO - Epoch: 3, Step: 4400, Average Loss: 457.8358, Average Regression Loss 7.4343, Average Classification Loss: 450.4015
2020-05-02 07:41:13,791 - root - INFO - Epoch: 3, Step: 4500, Average Loss: 435.3080, Average Regression Loss 10.2237, Average Classification Loss: 425.0843
2020-05-02 07:43:20,525 - root - INFO - Epoch: 3, Step: 4600, Average Loss: 401.8963, Average Regression Loss 9.3212, Average Classification Loss: 392.5751
2020-05-02 07:45:25,208 - root - INFO - Epoch: 3, Step: 4700, Average Loss: 418.9696, Average Regression Loss 8.8237, Average Classification Loss: 410.1459
2020-05-02 07:47:31,682 - root - INFO - Epoch: 3, Step: 4800, Average Loss: 426.7292, Average Regression Loss 7.9041, Average Classification Loss: 418.8251
2020-05-02 07:49:36,246 - root - INFO - Epoch: 3, Step: 4900, Average Loss: 471.8418, Average Regression Loss 8.7674, Average Classification Loss: 463.0744
2020-05-02 07:51:48,111 - root - INFO - Epoch: 3, Step: 5000, Average Loss: 467.6671, Average Regression Loss 7.7968, Average Classification Loss: 459.8703
2020-05-02 07:53:55,597 - root - INFO - Epoch: 3, Step: 5100, Average Loss: 435.7030, Average Regression Loss 9.0832, Average Classification Loss: 426.6197
2020-05-02 07:56:10,746 - root - INFO - Epoch: 3, Step: 5200, Average Loss: 406.8867, Average Regression Loss 10.0924, Average Classification Loss: 396.7943
2020-05-02 07:58:18,393 - root - INFO - Epoch: 3, Step: 5300, Average Loss: 420.6999, Average Regression Loss 7.2910, Average Classification Loss: 413.4089
2020-05-02 08:00:26,461 - root - INFO - Epoch: 3, Step: 5400, Average Loss: 421.0010, Average Regression Loss 7.0944, Average Classification Loss: 413.9065
2020-05-02 08:02:34,785 - root - INFO - Epoch: 3, Step: 5500, Average Loss: 458.8395, Average Regression Loss 7.6486, Average Classification Loss: 451.1909
2020-05-02 08:04:42,802 - root - INFO - Epoch: 3, Step: 5600, Average Loss: 413.3585, Average Regression Loss 7.3929, Average Classification Loss: 405.9656
2020-05-02 08:06:51,207 - root - INFO - Epoch: 3, Step: 5700, Average Loss: 403.1942, Average Regression Loss 7.6550, Average Classification Loss: 395.5392
2020-05-02 08:08:59,418 - root - INFO - Epoch: 3, Step: 5800, Average Loss: 390.8630, Average Regression Loss 8.3317, Average Classification Loss: 382.5313
2020-05-02 08:11:02,804 - root - INFO - Epoch: 3, Step: 5900, Average Loss: 431.6730, Average Regression Loss 7.9837, Average Classification Loss: 423.6893
2020-05-02 08:13:09,951 - root - INFO - Epoch: 3, Step: 6000, Average Loss: 399.9148, Average Regression Loss 8.3548, Average Classification Loss: 391.5599
2020-05-02 08:15:23,763 - root - INFO - Epoch: 3, Step: 6100, Average Loss: 421.6568, Average Regression Loss 7.3629, Average Classification Loss: 414.2939
2020-05-02 08:17:29,989 - root - INFO - Epoch: 3, Step: 6200, Average Loss: 439.8771, Average Regression Loss 7.4233, Average Classification Loss: 432.4538
2020-05-02 08:19:35,703 - root - INFO - Epoch: 3, Step: 6300, Average Loss: 424.4771, Average Regression Loss 7.9954, Average Classification Loss: 416.4817
2020-05-02 08:21:41,261 - root - INFO - Epoch: 3, Step: 6400, Average Loss: 424.9853, Average Regression Loss 7.1536, Average Classification Loss: 417.8317
2020-05-02 08:23:52,289 - root - INFO - Epoch: 3, Step: 6500, Average Loss: 450.7238, Average Regression Loss 9.2486, Average Classification Loss: 441.4752
2020-05-02 08:25:58,987 - root - INFO - Epoch: 3, Step: 6600, Average Loss: 467.9407, Average Regression Loss 7.7947, Average Classification Loss: 460.1460
2020-05-02 08:28:02,656 - root - INFO - Epoch: 3, Step: 6700, Average Loss: 425.9046, Average Regression Loss 7.3615, Average Classification Loss: 418.5431
2020-05-02 08:30:14,265 - root - INFO - Epoch: 3, Step: 6800, Average Loss: 377.9826, Average Regression Loss 7.7995, Average Classification Loss: 370.1831
2020-05-02 08:32:20,440 - root - INFO - Epoch: 3, Step: 6900, Average Loss: 404.4076, Average Regression Loss 7.1159, Average Classification Loss: 397.2917
2020-05-02 08:34:23,879 - root - INFO - Epoch: 3, Step: 7000, Average Loss: 416.7820, Average Regression Loss 8.2819, Average Classification Loss: 408.5002
2020-05-02 08:36:28,297 - root - INFO - Epoch: 3, Step: 7100, Average Loss: 463.6288, Average Regression Loss 8.0761, Average Classification Loss: 455.5528
2020-05-02 08:38:36,826 - root - INFO - Epoch: 3, Step: 7200, Average Loss: 404.0415, Average Regression Loss 7.5175, Average Classification Loss: 396.5240
2020-05-02 08:40:46,001 - root - INFO - Epoch: 3, Step: 7300, Average Loss: 372.3496, Average Regression Loss 7.6550, Average Classification Loss: 364.6946
2020-05-02 08:42:52,003 - root - INFO - Epoch: 3, Step: 7400, Average Loss: 383.4962, Average Regression Loss 7.4459, Average Classification Loss: 376.0503
2020-05-02 08:45:01,998 - root - INFO - Epoch: 3, Step: 7500, Average Loss: 399.6514, Average Regression Loss 6.7452, Average Classification Loss: 392.9062
2020-05-02 08:47:13,586 - root - INFO - Epoch: 3, Step: 7600, Average Loss: 418.6077, Average Regression Loss 7.6981, Average Classification Loss: 410.9096
2020-05-02 08:49:18,925 - root - INFO - Epoch: 3, Step: 7700, Average Loss: 393.9818, Average Regression Loss 8.0066, Average Classification Loss: 385.9752
2020-05-02 08:51:29,810 - root - INFO - Epoch: 3, Step: 7800, Average Loss: 378.7390, Average Regression Loss 7.8305, Average Classification Loss: 370.9085
2020-05-02 08:53:36,753 - root - INFO - Epoch: 3, Step: 7900, Average Loss: 385.1871, Average Regression Loss 7.5123, Average Classification Loss: 377.6748
2020-05-02 08:55:44,927 - root - INFO - Epoch: 3, Step: 8000, Average Loss: 385.1908, Average Regression Loss 7.0317, Average Classification Loss: 378.1591
2020-05-02 08:57:50,590 - root - INFO - Epoch: 3, Step: 8100, Average Loss: 404.7751, Average Regression Loss 7.4983, Average Classification Loss: 397.2769
2020-05-02 09:00:01,149 - root - INFO - Epoch: 3, Step: 8200, Average Loss: 408.9028, Average Regression Loss 8.1872, Average Classification Loss: 400.7156
2020-05-02 09:02:12,001 - root - INFO - Epoch: 3, Step: 8300, Average Loss: 450.5489, Average Regression Loss 8.2320, Average Classification Loss: 442.3169
2020-05-02 09:04:18,172 - root - INFO - Epoch: 3, Step: 8400, Average Loss: 436.8721, Average Regression Loss 8.0876, Average Classification Loss: 428.7846
2020-05-02 09:06:27,016 - root - INFO - Epoch: 3, Step: 8500, Average Loss: 430.3566, Average Regression Loss 8.4341, Average Classification Loss: 421.9224
2020-05-02 09:08:38,256 - root - INFO - Epoch: 3, Step: 8600, Average Loss: 451.7930, Average Regression Loss 9.6247, Average Classification Loss: 442.1683
2020-05-02 09:10:46,869 - root - INFO - Epoch: 3, Step: 8700, Average Loss: 473.2072, Average Regression Loss 8.5132, Average Classification Loss: 464.6940
2020-05-02 09:12:56,212 - root - INFO - Epoch: 3, Step: 8800, Average Loss: 434.7388, Average Regression Loss 8.0831, Average Classification Loss: 426.6557
2020-05-02 09:15:04,128 - root - INFO - Epoch: 3, Step: 8900, Average Loss: 437.5431, Average Regression Loss 7.9779, Average Classification Loss: 429.5652
2020-05-02 09:17:11,727 - root - INFO - Epoch: 3, Step: 9000, Average Loss: 495.2709, Average Regression Loss 7.8444, Average Classification Loss: 487.4265
2020-05-02 09:20:33,375 - root - INFO - Epoch: 4, Step: 100, Average Loss: 463.5420, Average Regression Loss 7.8661, Average Classification Loss: 455.6759
2020-05-02 09:22:39,694 - root - INFO - Epoch: 4, Step: 200, Average Loss: 511.4689, Average Regression Loss 8.3597, Average Classification Loss: 503.1092
2020-05-02 09:24:47,097 - root - INFO - Epoch: 4, Step: 300, Average Loss: 450.8777, Average Regression Loss 8.2695, Average Classification Loss: 442.6082
2020-05-02 09:26:55,151 - root - INFO - Epoch: 4, Step: 400, Average Loss: 399.2840, Average Regression Loss 7.2341, Average Classification Loss: 392.0499
2020-05-02 09:29:01,754 - root - INFO - Epoch: 4, Step: 500, Average Loss: 425.0609, Average Regression Loss 7.6073, Average Classification Loss: 417.4537
2020-05-02 09:31:09,668 - root - INFO - Epoch: 4, Step: 600, Average Loss: 397.4368, Average Regression Loss 8.8633, Average Classification Loss: 388.5735
2020-05-02 09:33:17,963 - root - INFO - Epoch: 4, Step: 700, Average Loss: 371.4653, Average Regression Loss 7.7906, Average Classification Loss: 363.6747
2020-05-02 09:35:26,186 - root - INFO - Epoch: 4, Step: 800, Average Loss: 435.2976, Average Regression Loss 7.4031, Average Classification Loss: 427.8946
2020-05-02 09:37:33,429 - root - INFO - Epoch: 4, Step: 900, Average Loss: 424.9063, Average Regression Loss 7.3689, Average Classification Loss: 417.5374
2020-05-02 09:39:38,045 - root - INFO - Epoch: 4, Step: 1000, Average Loss: 433.7607, Average Regression Loss 8.0301, Average Classification Loss: 425.7306
2020-05-02 09:41:49,928 - root - INFO - Epoch: 4, Step: 1100, Average Loss: 445.5637, Average Regression Loss 8.0244, Average Classification Loss: 437.5393
2020-05-02 09:43:54,390 - root - INFO - Epoch: 4, Step: 1200, Average Loss: 431.0450, Average Regression Loss 8.8657, Average Classification Loss: 422.1792
2020-05-02 09:45:59,650 - root - INFO - Epoch: 4, Step: 1300, Average Loss: 445.2853, Average Regression Loss 7.7108, Average Classification Loss: 437.5745
2020-05-02 09:48:09,517 - root - INFO - Epoch: 4, Step: 1400, Average Loss: 434.7869, Average Regression Loss 9.4751, Average Classification Loss: 425.3118
2020-05-02 09:50:15,756 - root - INFO - Epoch: 4, Step: 1500, Average Loss: 443.8735, Average Regression Loss 7.9417, Average Classification Loss: 435.9318
2020-05-02 09:52:23,883 - root - INFO - Epoch: 4, Step: 1600, Average Loss: 420.1042, Average Regression Loss 7.8784, Average Classification Loss: 412.2258
2020-05-02 09:54:28,452 - root - INFO - Epoch: 4, Step: 1700, Average Loss: 480.4390, Average Regression Loss 7.5371, Average Classification Loss: 472.9020
2020-05-02 09:56:32,773 - root - INFO - Epoch: 4, Step: 1800, Average Loss: 452.4277, Average Regression Loss 8.6894, Average Classification Loss: 443.7383
2020-05-02 09:58:37,939 - root - INFO - Epoch: 4, Step: 1900, Average Loss: 478.9824, Average Regression Loss 7.8245, Average Classification Loss: 471.1579
2020-05-02 10:00:48,173 - root - INFO - Epoch: 4, Step: 2000, Average Loss: 451.3620, Average Regression Loss 8.0629, Average Classification Loss: 443.2992
2020-05-02 10:02:55,251 - root - INFO - Epoch: 4, Step: 2100, Average Loss: 435.3785, Average Regression Loss 8.1470, Average Classification Loss: 427.2315
2020-05-02 10:05:00,072 - root - INFO - Epoch: 4, Step: 2200, Average Loss: 412.3296, Average Regression Loss 7.2562, Average Classification Loss: 405.0734
2020-05-02 10:07:07,425 - root - INFO - Epoch: 4, Step: 2300, Average Loss: 438.2144, Average Regression Loss 7.2655, Average Classification Loss: 430.9489
2020-05-02 10:09:10,493 - root - INFO - Epoch: 4, Step: 2400, Average Loss: 466.7006, Average Regression Loss 6.7012, Average Classification Loss: 459.9993
2020-05-02 10:11:22,307 - root - INFO - Epoch: 4, Step: 2500, Average Loss: 470.1767, Average Regression Loss 8.4725, Average Classification Loss: 461.7042
2020-05-02 10:13:26,040 - root - INFO - Epoch: 4, Step: 2600, Average Loss: 462.3647, Average Regression Loss 8.5540, Average Classification Loss: 453.8106
2020-05-02 10:15:32,068 - root - INFO - Epoch: 4, Step: 2700, Average Loss: 488.3455, Average Regression Loss 8.8398, Average Classification Loss: 479.5057
2020-05-02 10:17:37,796 - root - INFO - Epoch: 4, Step: 2800, Average Loss: 438.6637, Average Regression Loss 8.3990, Average Classification Loss: 430.2647
2020-05-02 10:19:46,596 - root - INFO - Epoch: 4, Step: 2900, Average Loss: 474.7431, Average Regression Loss 7.8009, Average Classification Loss: 466.9422
2020-05-02 10:21:51,447 - root - INFO - Epoch: 4, Step: 3000, Average Loss: 489.6428, Average Regression Loss 7.4652, Average Classification Loss: 482.1776
2020-05-02 10:23:59,877 - root - INFO - Epoch: 4, Step: 3100, Average Loss: 487.3353, Average Regression Loss 7.6261, Average Classification Loss: 479.7092
2020-05-02 10:26:10,700 - root - INFO - Epoch: 4, Step: 3200, Average Loss: 489.3355, Average Regression Loss 7.4024, Average Classification Loss: 481.9331
2020-05-02 10:28:13,805 - root - INFO - Epoch: 4, Step: 3300, Average Loss: 426.7553, Average Regression Loss 9.7864, Average Classification Loss: 416.9689
2020-05-02 10:30:18,732 - root - INFO - Epoch: 4, Step: 3400, Average Loss: 451.6671, Average Regression Loss 8.5518, Average Classification Loss: 443.1153
2020-05-02 10:32:24,381 - root - INFO - Epoch: 4, Step: 3500, Average Loss: 457.0977, Average Regression Loss 8.2216, Average Classification Loss: 448.8761
2020-05-02 10:34:29,779 - root - INFO - Epoch: 4, Step: 3600, Average Loss: 465.4825, Average Regression Loss 8.0463, Average Classification Loss: 457.4362
2020-05-02 10:36:36,729 - root - INFO - Epoch: 4, Step: 3700, Average Loss: 442.8264, Average Regression Loss 9.0769, Average Classification Loss: 433.7494
2020-05-02 10:38:44,358 - root - INFO - Epoch: 4, Step: 3800, Average Loss: 452.4881, Average Regression Loss 8.5652, Average Classification Loss: 443.9229
2020-05-02 10:40:52,080 - root - INFO - Epoch: 4, Step: 3900, Average Loss: 430.4826, Average Regression Loss 7.4055, Average Classification Loss: 423.0771
2020-05-02 10:43:02,588 - root - INFO - Epoch: 4, Step: 4000, Average Loss: 473.8481, Average Regression Loss 8.3259, Average Classification Loss: 465.5221
2020-05-02 10:45:07,852 - root - INFO - Epoch: 4, Step: 4100, Average Loss: 474.2042, Average Regression Loss 8.0199, Average Classification Loss: 466.1843
2020-05-02 10:47:16,383 - root - INFO - Epoch: 4, Step: 4200, Average Loss: 488.8181, Average Regression Loss 8.4081, Average Classification Loss: 480.4100
2020-05-02 10:49:20,427 - root - INFO - Epoch: 4, Step: 4300, Average Loss: 475.2234, Average Regression Loss 10.3419, Average Classification Loss: 464.8815
2020-05-02 10:51:27,045 - root - INFO - Epoch: 4, Step: 4400, Average Loss: 558.2168, Average Regression Loss 8.7367, Average Classification Loss: 549.4801
2020-05-02 10:53:35,626 - root - INFO - Epoch: 4, Step: 4500, Average Loss: 480.2241, Average Regression Loss 8.5071, Average Classification Loss: 471.7170
2020-05-02 10:55:41,262 - root - INFO - Epoch: 4, Step: 4600, Average Loss: 462.1452, Average Regression Loss 8.3986, Average Classification Loss: 453.7466
2020-05-02 10:57:46,943 - root - INFO - Epoch: 4, Step: 4700, Average Loss: 442.8492, Average Regression Loss 7.1105, Average Classification Loss: 435.7387
2020-05-02 10:59:55,065 - root - INFO - Epoch: 4, Step: 4800, Average Loss: 399.6961, Average Regression Loss 8.3891, Average Classification Loss: 391.3070
2020-05-02 11:02:02,431 - root - INFO - Epoch: 4, Step: 4900, Average Loss: 463.7284, Average Regression Loss 8.5910, Average Classification Loss: 455.1374
2020-05-02 11:04:12,768 - root - INFO - Epoch: 4, Step: 5000, Average Loss: 503.6923, Average Regression Loss 8.0161, Average Classification Loss: 495.6762
2020-05-02 11:06:18,550 - root - INFO - Epoch: 4, Step: 5100, Average Loss: 497.2845, Average Regression Loss 7.5785, Average Classification Loss: 489.7060
2020-05-02 11:08:23,628 - root - INFO - Epoch: 4, Step: 5200, Average Loss: 495.5807, Average Regression Loss 8.2558, Average Classification Loss: 487.3249
2020-05-02 11:10:33,142 - root - INFO - Epoch: 4, Step: 5300, Average Loss: 476.2009, Average Regression Loss 8.0374, Average Classification Loss: 468.1635
2020-05-02 11:12:41,747 - root - INFO - Epoch: 4, Step: 5400, Average Loss: 511.1667, Average Regression Loss 7.6473, Average Classification Loss: 503.5194
2020-05-02 11:14:53,421 - root - INFO - Epoch: 4, Step: 5500, Average Loss: 495.6069, Average Regression Loss 8.6164, Average Classification Loss: 486.9904
2020-05-02 11:16:56,419 - root - INFO - Epoch: 4, Step: 5600, Average Loss: 421.9014, Average Regression Loss 8.6388, Average Classification Loss: 413.2626
2020-05-02 11:19:06,187 - root - INFO - Epoch: 4, Step: 5700, Average Loss: 386.8073, Average Regression Loss 7.9604, Average Classification Loss: 378.8470
2020-05-02 11:21:12,883 - root - INFO - Epoch: 4, Step: 5800, Average Loss: 446.4061, Average Regression Loss 7.3584, Average Classification Loss: 439.0477
2020-05-02 11:23:18,500 - root - INFO - Epoch: 4, Step: 5900, Average Loss: 479.5941, Average Regression Loss 9.6612, Average Classification Loss: 469.9329
2020-05-02 11:25:21,271 - root - INFO - Epoch: 4, Step: 6000, Average Loss: 511.3058, Average Regression Loss 9.2195, Average Classification Loss: 502.0863
2020-05-02 11:27:29,865 - root - INFO - Epoch: 4, Step: 6100, Average Loss: 455.5465, Average Regression Loss 8.4494, Average Classification Loss: 447.0971
2020-05-02 11:29:39,614 - root - INFO - Epoch: 4, Step: 6200, Average Loss: 445.2497, Average Regression Loss 9.4606, Average Classification Loss: 435.7891
2020-05-02 11:31:47,721 - root - INFO - Epoch: 4, Step: 6300, Average Loss: 463.3726, Average Regression Loss 8.7868, Average Classification Loss: 454.5859
2020-05-02 11:33:52,115 - root - INFO - Epoch: 4, Step: 6400, Average Loss: 448.1448, Average Regression Loss 10.0622, Average Classification Loss: 438.0826
2020-05-02 11:36:01,122 - root - INFO - Epoch: 4, Step: 6500, Average Loss: 480.3864, Average Regression Loss 8.9923, Average Classification Loss: 471.3941
2020-05-02 11:38:10,962 - root - INFO - Epoch: 4, Step: 6600, Average Loss: 481.0853, Average Regression Loss 8.6542, Average Classification Loss: 472.4311
2020-05-02 11:40:14,623 - root - INFO - Epoch: 4, Step: 6700, Average Loss: 512.8646, Average Regression Loss 9.6123, Average Classification Loss: 503.2523
2020-05-02 11:42:23,777 - root - INFO - Epoch: 4, Step: 6800, Average Loss: 530.5412, Average Regression Loss 8.2346, Average Classification Loss: 522.3067
2020-05-02 11:44:32,345 - root - INFO - Epoch: 4, Step: 6900, Average Loss: 502.3161, Average Regression Loss 8.1518, Average Classification Loss: 494.1643
2020-05-02 11:46:35,818 - root - INFO - Epoch: 4, Step: 7000, Average Loss: 397.3110, Average Regression Loss 8.4469, Average Classification Loss: 388.8641
2020-05-02 11:48:43,672 - root - INFO - Epoch: 4, Step: 7100, Average Loss: 412.7075, Average Regression Loss 7.6129, Average Classification Loss: 405.0945
2020-05-02 11:50:48,327 - root - INFO - Epoch: 4, Step: 7200, Average Loss: 473.4456, Average Regression Loss 8.3589, Average Classification Loss: 465.0867
2020-05-02 11:52:57,574 - root - INFO - Epoch: 4, Step: 7300, Average Loss: 526.8841, Average Regression Loss 8.6392, Average Classification Loss: 518.2449
2020-05-02 11:55:09,045 - root - INFO - Epoch: 4, Step: 7400, Average Loss: 525.9117, Average Regression Loss 8.8472, Average Classification Loss: 517.0646
2020-05-02 11:57:18,231 - root - INFO - Epoch: 4, Step: 7500, Average Loss: 508.3032, Average Regression Loss 8.2844, Average Classification Loss: 500.0188
2020-05-02 11:59:26,265 - root - INFO - Epoch: 4, Step: 7600, Average Loss: 544.6960, Average Regression Loss 8.2504, Average Classification Loss: 536.4457
2020-05-02 12:01:35,907 - root - INFO - Epoch: 4, Step: 7700, Average Loss: 470.5418, Average Regression Loss 8.1316, Average Classification Loss: 462.4102
2020-05-02 12:03:48,679 - root - INFO - Epoch: 4, Step: 7800, Average Loss: 512.7516, Average Regression Loss 7.0882, Average Classification Loss: 505.6634
2020-05-02 12:05:56,252 - root - INFO - Epoch: 4, Step: 7900, Average Loss: 491.8184, Average Regression Loss 7.0632, Average Classification Loss: 484.7552
2020-05-02 12:08:04,865 - root - INFO - Epoch: 4, Step: 8000, Average Loss: 532.3351, Average Regression Loss 8.0444, Average Classification Loss: 524.2907
2020-05-02 12:10:13,875 - root - INFO - Epoch: 4, Step: 8100, Average Loss: 520.6890, Average Regression Loss 7.9710, Average Classification Loss: 512.7180
2020-05-02 12:12:24,273 - root - INFO - Epoch: 4, Step: 8200, Average Loss: 512.4485, Average Regression Loss 8.0838, Average Classification Loss: 504.3647
2020-05-02 12:14:28,598 - root - INFO - Epoch: 4, Step: 8300, Average Loss: 458.7153, Average Regression Loss 8.2714, Average Classification Loss: 450.4439
2020-05-02 12:16:38,311 - root - INFO - Epoch: 4, Step: 8400, Average Loss: 501.5887, Average Regression Loss 7.6633, Average Classification Loss: 493.9253
2020-05-02 12:18:45,476 - root - INFO - Epoch: 4, Step: 8500, Average Loss: 500.4931, Average Regression Loss 7.7079, Average Classification Loss: 492.7852
2020-05-02 12:20:51,088 - root - INFO - Epoch: 4, Step: 8600, Average Loss: 454.8882, Average Regression Loss 7.7725, Average Classification Loss: 447.1157
2020-05-02 12:23:07,761 - root - INFO - Epoch: 4, Step: 8700, Average Loss: 480.4427, Average Regression Loss 8.1309, Average Classification Loss: 472.3119
2020-05-02 12:25:15,268 - root - INFO - Epoch: 4, Step: 8800, Average Loss: 495.3727, Average Regression Loss 6.9267, Average Classification Loss: 488.4460
